f:\su\spring 2017\ood\code\project4_ood\codepublisher\analyzer\x64\debug\codeanalyzer.pdb
f:\su\spring 2017\ood\code\project4_ood\codepublisher\analyzer\x64\debug\codeanalyzer.idb
f:\su\spring 2017\ood\code\project4_ood\codepublisher\analyzer\x64\debug\abstrsyntree.obj
f:\su\spring 2017\ood\code\project4_ood\codepublisher\analyzer\x64\debug\dependencyanalysis.obj
f:\su\spring 2017\ood\code\project4_ood\codepublisher\analyzer\x64\debug\filemgr.obj
f:\su\spring 2017\ood\code\project4_ood\codepublisher\analyzer\x64\debug\filesystem.obj
f:\su\spring 2017\ood\code\project4_ood\codepublisher\analyzer\x64\debug\grammarhelpers.obj
f:\su\spring 2017\ood\code\project4_ood\codepublisher\analyzer\x64\debug\logger.obj
f:\su\spring 2017\ood\code\project4_ood\codepublisher\analyzer\x64\debug\actionsandrules.obj
f:\su\spring 2017\ood\code\project4_ood\codepublisher\analyzer\x64\debug\configureparser.obj
f:\su\spring 2017\ood\code\project4_ood\codepublisher\analyzer\x64\debug\parser.obj
f:\su\spring 2017\ood\code\project4_ood\codepublisher\analyzer\x64\debug\scopestack.obj
f:\su\spring 2017\ood\code\project4_ood\codepublisher\analyzer\x64\debug\semiexp.obj
f:\su\spring 2017\ood\code\project4_ood\codepublisher\analyzer\x64\debug\tokenizer.obj
f:\su\spring 2017\ood\code\project4_ood\codepublisher\analyzer\x64\debug\utilities.obj
f:\su\spring 2017\ood\code\project4_ood\codepublisher\analyzer\x64\debug\xmlelement.obj
f:\su\spring 2017\ood\code\project4_ood\codepublisher\analyzer\x64\debug\depanal.obj
f:\su\spring 2017\ood\code\project4_ood\codepublisher\analyzer\x64\debug\executive.obj
f:\su\spring 2017\ood\code\project4_ood\codepublisher\x64\debug\codeanalyzer.lib
f:\su\spring 2017\ood\code\project4_ood\codepublisher\analyzer\x64\debug\executive.vcxprojresolveassemblyreference.cache
f:\su\spring 2017\ood\code\project4_ood\codepublisher\x64\debug\codeanalyzer.pdb
f:\su\spring 2017\ood\code\project4_ood\codepublisher\analyzer\x64\debug\codeanalyzer.tlog\cl.command.1.tlog
f:\su\spring 2017\ood\code\project4_ood\codepublisher\analyzer\x64\debug\codeanalyzer.tlog\cl.read.1.tlog
f:\su\spring 2017\ood\code\project4_ood\codepublisher\analyzer\x64\debug\codeanalyzer.tlog\cl.write.1.tlog
f:\su\spring 2017\ood\code\project4_ood\codepublisher\analyzer\x64\debug\codeanalyzer.tlog\lib-link.read.1.tlog
f:\su\spring 2017\ood\code\project4_ood\codepublisher\analyzer\x64\debug\codeanalyzer.tlog\lib-link.write.1.tlog
f:\su\spring 2017\ood\code\project4_ood\codepublisher\analyzer\x64\debug\codeanalyzer.tlog\lib.command.1.tlog
