f:\su\spring 2017\ood\code\project4_ood\codepublisher\msgserver\x64\debug\vc140.pdb
f:\su\spring 2017\ood\code\project4_ood\codepublisher\msgserver\x64\debug\vc140.idb
f:\su\spring 2017\ood\code\project4_ood\codepublisher\msgserver\x64\debug\abstrsyntree.obj
f:\su\spring 2017\ood\code\project4_ood\codepublisher\msgserver\x64\debug\depanal.obj
f:\su\spring 2017\ood\code\project4_ood\codepublisher\msgserver\x64\debug\executive.obj
f:\su\spring 2017\ood\code\project4_ood\codepublisher\msgserver\x64\debug\cpp11-blockingqueue.obj
f:\su\spring 2017\ood\code\project4_ood\codepublisher\msgserver\x64\debug\dependencyanalysis.obj
f:\su\spring 2017\ood\code\project4_ood\codepublisher\msgserver\x64\debug\filemgr.obj
f:\su\spring 2017\ood\code\project4_ood\codepublisher\msgserver\x64\debug\filesystem.obj
f:\su\spring 2017\ood\code\project4_ood\codepublisher\msgserver\x64\debug\grammarhelpers.obj
f:\su\spring 2017\ood\code\project4_ood\codepublisher\msgserver\x64\debug\httpmessage.obj
f:\su\spring 2017\ood\code\project4_ood\codepublisher\msgserver\x64\debug\logger.obj
f:\su\spring 2017\ood\code\project4_ood\codepublisher\msgserver\x64\debug\actionsandrules.obj
f:\su\spring 2017\ood\code\project4_ood\codepublisher\msgserver\x64\debug\configureparser.obj
f:\su\spring 2017\ood\code\project4_ood\codepublisher\msgserver\x64\debug\parser.obj
f:\su\spring 2017\ood\code\project4_ood\codepublisher\msgserver\x64\debug\scopestack.obj
f:\su\spring 2017\ood\code\project4_ood\codepublisher\msgserver\x64\debug\semiexp.obj
f:\su\spring 2017\ood\code\project4_ood\codepublisher\msgserver\x64\debug\sockets.obj
f:\su\spring 2017\ood\code\project4_ood\codepublisher\msgserver\x64\debug\tokenizer.obj
f:\su\spring 2017\ood\code\project4_ood\codepublisher\msgserver\x64\debug\utilities.obj
f:\su\spring 2017\ood\code\project4_ood\codepublisher\msgserver\x64\debug\xmlelement.obj
f:\su\spring 2017\ood\code\project4_ood\codepublisher\msgserver\x64\debug\msgserver.obj
f:\su\spring 2017\ood\code\project4_ood\codepublisher\x64\debug\msgserver.ilk
f:\su\spring 2017\ood\code\project4_ood\codepublisher\x64\debug\msgserver.exe
f:\su\spring 2017\ood\code\project4_ood\codepublisher\x64\debug\msgserver.pdb
f:\su\spring 2017\ood\code\project4_ood\codepublisher\msgserver\x64\debug\msgserver.tlog\cl.command.1.tlog
f:\su\spring 2017\ood\code\project4_ood\codepublisher\msgserver\x64\debug\msgserver.tlog\cl.read.1.tlog
f:\su\spring 2017\ood\code\project4_ood\codepublisher\msgserver\x64\debug\msgserver.tlog\cl.write.1.tlog
f:\su\spring 2017\ood\code\project4_ood\codepublisher\msgserver\x64\debug\msgserver.tlog\link.command.1.tlog
f:\su\spring 2017\ood\code\project4_ood\codepublisher\msgserver\x64\debug\msgserver.tlog\link.read.1.tlog
f:\su\spring 2017\ood\code\project4_ood\codepublisher\msgserver\x64\debug\msgserver.tlog\link.write.1.tlog
