f:\su\spring 2017\ood\code\project4_ood\codepublisher\parser\x64\debug\parser.pdb
f:\su\spring 2017\ood\code\project4_ood\codepublisher\parser\x64\debug\parser.idb
f:\su\spring 2017\ood\code\project4_ood\codepublisher\parser\x64\debug\abstrsyntree.obj
f:\su\spring 2017\ood\code\project4_ood\codepublisher\parser\x64\debug\filesystem.obj
f:\su\spring 2017\ood\code\project4_ood\codepublisher\parser\x64\debug\grammarhelpers.obj
f:\su\spring 2017\ood\code\project4_ood\codepublisher\parser\x64\debug\logger.obj
f:\su\spring 2017\ood\code\project4_ood\codepublisher\parser\x64\debug\scopestack.obj
f:\su\spring 2017\ood\code\project4_ood\codepublisher\parser\x64\debug\semiexp.obj
f:\su\spring 2017\ood\code\project4_ood\codepublisher\parser\x64\debug\tokenizer.obj
f:\su\spring 2017\ood\code\project4_ood\codepublisher\parser\x64\debug\utilities.obj
f:\su\spring 2017\ood\code\project4_ood\codepublisher\parser\x64\debug\actionsandrules.obj
f:\su\spring 2017\ood\code\project4_ood\codepublisher\parser\x64\debug\configureparser.obj
f:\su\spring 2017\ood\code\project4_ood\codepublisher\parser\x64\debug\parser.obj
f:\su\spring 2017\ood\code\project4_ood\codepublisher\x64\debug\parser.lib
f:\su\spring 2017\ood\code\project4_ood\codepublisher\x64\debug\parser.pdb
f:\su\spring 2017\ood\code\project4_ood\codepublisher\parser\x64\debug\parser.tlog\cl.command.1.tlog
f:\su\spring 2017\ood\code\project4_ood\codepublisher\parser\x64\debug\parser.tlog\cl.read.1.tlog
f:\su\spring 2017\ood\code\project4_ood\codepublisher\parser\x64\debug\parser.tlog\cl.write.1.tlog
f:\su\spring 2017\ood\code\project4_ood\codepublisher\parser\x64\debug\parser.tlog\lib-link.read.1.tlog
f:\su\spring 2017\ood\code\project4_ood\codepublisher\parser\x64\debug\parser.tlog\lib-link.write.1.tlog
f:\su\spring 2017\ood\code\project4_ood\codepublisher\parser\x64\debug\parser.tlog\lib.command.1.tlog
